<?xml version="1.0" encoding="UTF-8"?>
<!-- Generated by org.testng.reporters.JUnitReportReporter -->
<testsuite hostname="DF64" failures="0" tests="3" name="day27.FirstTest" time="9.737" errors="0" timestamp="2024-01-05T18:24:28 CAT" skipped="0">
  <testcase classname="day27.FirstTest" name="openApp" time="8.332"/>
  <testcase classname="day27.FirstTest" name="login" time="1.129"/>
  <testcase classname="day27.FirstTest" name="closeApp" time="0.276"/>
</testsuite> <!-- day27.FirstTest -->
