<?xml version="1.0" encoding="UTF-8"?>
<!-- Generated by org.testng.reporters.JUnitReportReporter -->
<testsuite hostname="DF64" failures="0" tests="2" name="day28.AnnotationDemo1" time="0.008" errors="0" timestamp="2024-01-05T15:46:32 CAT" skipped="0">
  <testcase classname="day28.AnnotationDemo1" name="search" time="0.007"/>
  <testcase classname="day28.AnnotationDemo1" name="advancedSearch" time="0.001"/>
</testsuite> <!-- day28.AnnotationDemo1 -->
